[2025-04-05T18:22:16.551+0000] {local_task_job_runner.py:123} INFO - ::group::Pre task execution logs
[2025-04-05T18:22:16.568+0000] {taskinstance.py:2614} INFO - Dependencies all met for dep_context=non-requeueable deps ti=<TaskInstance: dataset_alias_example_alias_consumer_with_no_taskflow.consume_dataset_event_from_dataset_alias manual__2025-04-05T18:22:11.271314+00:00 [queued]>
[2025-04-05T18:22:16.577+0000] {taskinstance.py:2614} INFO - Dependencies all met for dep_context=requeueable deps ti=<TaskInstance: dataset_alias_example_alias_consumer_with_no_taskflow.consume_dataset_event_from_dataset_alias manual__2025-04-05T18:22:11.271314+00:00 [queued]>
[2025-04-05T18:22:16.578+0000] {taskinstance.py:2867} INFO - Starting attempt 1 of 1
[2025-04-05T18:22:16.739+0000] {taskinstance.py:2890} INFO - Executing <Task(PythonOperator): consume_dataset_event_from_dataset_alias> on 2025-04-05 18:22:11.271314+00:00
[2025-04-05T18:22:16.751+0000] {warnings.py:112} WARNING - /home/***/.local/lib/python3.12/site-packages/***/task/task_runner/standard_task_runner.py:70: DeprecationWarning: This process (pid=85) is multi-threaded, use of fork() may lead to deadlocks in the child.
  pid = os.fork()

[2025-04-05T18:22:16.753+0000] {standard_task_runner.py:72} INFO - Started process 87 to run task
[2025-04-05T18:22:16.753+0000] {standard_task_runner.py:104} INFO - Running: ['***', 'tasks', 'run', 'dataset_alias_example_alias_consumer_with_no_taskflow', 'consume_dataset_event_from_dataset_alias', 'manual__2025-04-05T18:22:11.271314+00:00', '--job-id', '3', '--raw', '--subdir', '/home/***/.local/lib/python3.12/site-packages/***/example_dags/example_dataset_alias_with_no_taskflow.py', '--cfg-path', '/tmp/tmpvzaluyuv']
[2025-04-05T18:22:16.754+0000] {standard_task_runner.py:105} INFO - Job 3: Subtask consume_dataset_event_from_dataset_alias
[2025-04-05T18:22:16.804+0000] {task_command.py:467} INFO - Running <TaskInstance: dataset_alias_example_alias_consumer_with_no_taskflow.consume_dataset_event_from_dataset_alias manual__2025-04-05T18:22:11.271314+00:00 [running]> on host 9939f8cd924d
[2025-04-05T18:22:16.890+0000] {taskinstance.py:3134} INFO - Exporting env vars: AIRFLOW_CTX_DAG_OWNER='***' AIRFLOW_CTX_DAG_ID='dataset_alias_example_alias_consumer_with_no_taskflow' AIRFLOW_CTX_TASK_ID='consume_dataset_event_from_dataset_alias' AIRFLOW_CTX_EXECUTION_DATE='2025-04-05T18:22:11.271314+00:00' AIRFLOW_CTX_TRY_NUMBER='1' AIRFLOW_CTX_DAG_RUN_ID='manual__2025-04-05T18:22:11.271314+00:00'
[2025-04-05T18:22:16.901+0000] {logging_mixin.py:190} INFO - Task instance is in running state
[2025-04-05T18:22:16.902+0000] {logging_mixin.py:190} INFO -  Previous state of the Task instance: queued
[2025-04-05T18:22:16.902+0000] {logging_mixin.py:190} INFO - Current task name:consume_dataset_event_from_dataset_alias state:running start_date:2025-04-05 18:22:16.568965+00:00
[2025-04-05T18:22:16.902+0000] {logging_mixin.py:190} INFO - Dag name:dataset_alias_example_alias_consumer_with_no_taskflow and current dag run status:running
[2025-04-05T18:22:16.902+0000] {taskinstance.py:732} INFO - ::endgroup::
[2025-04-05T18:22:16.916+0000] {python.py:240} INFO - Done. Returned value was: None
[2025-04-05T18:22:16.940+0000] {taskinstance.py:341} INFO - ::group::Post task execution logs
[2025-04-05T18:22:16.940+0000] {taskinstance.py:353} INFO - Marking task as SUCCESS. dag_id=dataset_alias_example_alias_consumer_with_no_taskflow, task_id=consume_dataset_event_from_dataset_alias, run_id=manual__2025-04-05T18:22:11.271314+00:00, execution_date=20250405T182211, start_date=20250405T182216, end_date=20250405T182216
[2025-04-05T18:22:16.967+0000] {logging_mixin.py:190} INFO - Task instance in success state
[2025-04-05T18:22:16.967+0000] {logging_mixin.py:190} INFO -  Previous state of the Task instance: running
[2025-04-05T18:22:16.968+0000] {logging_mixin.py:190} INFO - Dag name:dataset_alias_example_alias_consumer_with_no_taskflow queued_at:2025-04-05 18:22:11.284488+00:00
[2025-04-05T18:22:16.968+0000] {logging_mixin.py:190} INFO - Task hostname:9939f8cd924d operator:PythonOperator
[2025-04-05T18:22:17.007+0000] {local_task_job_runner.py:266} INFO - Task exited with return code 0
[2025-04-05T18:22:17.024+0000] {taskinstance.py:3901} INFO - 0 downstream tasks scheduled from follow-on schedule check
[2025-04-05T18:22:17.026+0000] {local_task_job_runner.py:245} INFO - ::endgroup::
